Number	Reaction Type  	Stoichiometry                           	Reaction orders                         	k-forward       	                                  	k-backward	     
     1	Arrhenius      	CO2 + * <-> CO2*                        	[CO2][*] <-> [CO2*]                     	8.2780000000e+03	* exp(-0.0000000000e+00/(R*T))    	1.0040000000e+10	* exp(-1.3798000000e+04/(R*T))    
     2	Arrhenius      	H2 + 2 * <-> 2 H*                       	[H2][*]^2 <-> [H*]^2                    	3.3930000000e+03	* exp(-2.5279000000e+04/(R*T))    	3.1160000000e+09	* exp(-5.7312000000e+04/(R*T))    
     3	Arrhenius      	H2O + * <-> H2O*                        	[H2O][*] <-> [H2O*]                     	1.2940000000e+08	* exp(-0.0000000000e+00/(R*T))    	2.7780000000e+14	* exp(-1.8815000000e+04/(R*T))    
     4	Arrhenius      	CO2* + * <-> CO* + O*                   	[CO2*][*] <-> [CO*][O*]                 	2.0270000000e+11	* exp(-8.2497000000e+04/(R*T))    	2.5170000000e+13	* exp(-1.3720500000e+05/(R*T))    
     5	Arrhenius      	CO2* + H* <-> HCOO* + *                 	[CO2*][H*] <-> [HCOO*][*]               	7.2830000000e+11	* exp(-1.0169800000e+05/(R*T))    	5.2430000000e+13	* exp(-9.7549000000e+04/(R*T))    
     6	Arrhenius      	CO2* + H* <-> COOH* + *                 	[CO2*][H*] <-> [COOH*][*]               	5.3320000000e+11	* exp(-1.2842400000e+05/(R*T))    	2.5250000000e+13	* exp(-7.7190000000e+04/(R*T))    
     7	Arrhenius      	CO2* + OH* <-> COOH* + O*               	[CO2*][OH*] <-> [COOH*][O*]             	4.2820000000e+10	* exp(-5.3647000000e+04/(R*T))    	7.2870000000e+12	* exp(-1.8526000000e+04/(R*T))    
     8	Arrhenius      	CO2* + H2O* <-> COOH* + OH*             	[CO2*][H2O*] <-> [COOH*][OH*]           	1.3500000000e+10	* exp(-3.4060000000e+04/(R*T))    	4.2690000000e+12	* exp(-2.5090000000e+03/(R*T))    
     9	Arrhenius      	CO2* + OH* <-> HCOO* + O*               	[CO2*][OH*] <-> [HCOO*][O*]             	4.1720000000e+11	* exp(-1.7184400000e+05/(R*T))    	9.9550000000e+13	* exp(-1.7232600000e+05/(R*T))    
    10	Arrhenius      	CO2* + H2O* <-> HCOO* + OH*             	[CO2*][H2O*] <-> [HCOO*][OH*]           	4.5170000000e+11	* exp(-1.7010700000e+05/(R*T))    	5.7220000000e+13	* exp(-1.8834300000e+05/(R*T))    
    11	Arrhenius      	COOH* + * <-> CO* + OH*                 	[COOH*][*] <-> [CO*][OH*]               	2.7520000000e+13	* exp(-4.7761000000e+04/(R*T))    	4.5230000000e+13	* exp(-1.4579200000e+05/(R*T))    
    12	Arrhenius      	COOH* + * <-> COH* + O*                 	[COOH*][*] <-> [COH*][O*]               	3.9750000000e+12	* exp(-1.2369700000e+05/(R*T))    	1.9360000000e+13	* exp(-1.1684600000e+05/(R*T))    
    13	Arrhenius      	HCOO* + * <-> O* + HCO*                 	[HCOO*][*] <-> [O*][HCO*]               	4.1190000000e+12	* exp(-1.3421400000e+05/(R*T))    	7.5340000000e+12	* exp(-7.4874000000e+04/(R*T))    
    14	Arrhenius      	CO* + * <-> C* + O*                     	[CO*][*] <-> [C*][O*]                   	1.8470000000e+12	* exp(-2.8791800000e+05/(R*T))    	1.6460000000e+13	* exp(-1.1067100000e+05/(R*T))    
    15	Arrhenius      	HCO* + * <-> CO* + H*                   	[HCO*][*] <-> [CO*][H*]                 	2.4970000000e+13	* exp(-2.0455000000e+04/(R*T))    	2.2000000000e+13	* exp(-1.3691500000e+05/(R*T))    
    16	Arrhenius      	HCO* + * <-> CH* + O*                   	[HCO*][*] <-> [CH*][O*]                 	9.0250000000e+12	* exp(-1.0594300000e+05/(R*T))    	3.0830000000e+13	* exp(-1.1308300000e+05/(R*T))    
    17	Arrhenius      	COH* + * <-> CO* + H*                   	[COH*][*] <-> [CO*][H*]                 	9.0730000000e+12	* exp(-1.1655700000e+05/(R*T))    	3.0240000000e+13	* exp(-2.1979800000e+05/(R*T))    
    18	Arrhenius      	COH* + * <-> C* + OH*                   	[COH*][*] <-> [C*][OH*]                 	2.7420000000e+12	* exp(-1.7464200000e+05/(R*T))    	2.3300000000e+13	* exp(-1.1018800000e+05/(R*T))    
    19	Arrhenius      	C* + H* <-> CH* + *                     	[C*][H*] <-> [CH*][*]                   	2.7000000000e+13	* exp(-6.1655000000e+04/(R*T))    	1.9520000000e+13	* exp(-1.2215300000e+05/(R*T))    
    20	Arrhenius      	CH* + H* <-> CH2* + *                   	[CH*][H*] <-> [CH2*][*]                 	4.9260000000e+13	* exp(-6.1462000000e+04/(R*T))    	1.7850000000e+13	* exp(-3.2613000000e+04/(R*T))    
    21	Arrhenius      	CH2* + H* <-> CH3* + *                  	[CH2*][H*] <-> [CH3*][*]                	3.5050000000e+13	* exp(-5.5094000000e+04/(R*T))    	1.7540000000e+13	* exp(-6.5418000000e+04/(R*T))    
    22	Arrhenius      	HCO* + H* <-> CH2O* + *                 	[HCO*][H*] <-> [CH2O*][*]               	1.4190000000e+13	* exp(-6.8216000000e+04/(R*T))    	1.5690000000e+13	* exp(-4.3033000000e+04/(R*T))    
    23	Arrhenius      	HCO* + H* <-> HCOH* + *                 	[HCO*][H*] <-> [HCOH*][*]               	2.1560000000e+13	* exp(-8.9444000000e+04/(R*T))    	8.9350000000e+12	* exp(-4.2251000000e+04/(R*T))    
    24	Arrhenius      	COH* + H* <-> HCOH* + *                 	[COH*][H*] <-> [HCOH*][*]               	7.5940000000e+12	* exp(-7.8830000000e+04/(R*T))    	5.2440000000e+12	* exp(-1.3894000000e+04/(R*T))    
    25	Arrhenius      	HCOH* + * <-> CH* + OH*                 	[HCOH*][*] <-> [CH*][OH*]               	5.3520000000e+12	* exp(-6.9085000000e+04/(R*T))    	2.5560000000e+13	* exp(-1.1501300000e+05/(R*T))    
    26	Arrhenius      	HCOH* + H* <-> CH2OH* + *               	[HCOH*][H*] <-> [CH2OH*][*]             	1.4230000000e+13	* exp(-6.0401000000e+04/(R*T))    	1.0270000000e+13	* exp(-3.9656000000e+04/(R*T))    
    27	Arrhenius      	CH2OH* + * <-> CH2* + OH*               	[CH2OH*][*] <-> [CH2*][OH*]             	2.7840000000e+13	* exp(-6.8892000000e+04/(R*T))    	3.8070000000e+13	* exp(-9.7645000000e+04/(R*T))    
    28	Arrhenius      	CH2OH* + H* <-> CH3OH* + *              	[CH2OH*][H*] <-> [CH3OH*][*]            	2.2120000000e+13	* exp(-5.8761000000e+04/(R*T))    	1.0700000000e+12	* exp(-9.9671000000e+04/(R*T))    
    29	Arrhenius      	CH2O* + H* <-> CH2OH* + *               	[CH2O*][H*] <-> [CH2OH*][*]             	4.9410000000e+13	* exp(-8.3172000000e+04/(R*T))    	1.6020000000e+13	* exp(-5.2875000000e+04/(R*T))    
    30	Arrhenius      	CH2O* + * <-> CH2* + O*                 	[CH2O*][*] <-> [CH2*][O*]               	1.6550000000e+13	* exp(-9.2912000000e+04/(R*T))    	1.7660000000e+13	* exp(-1.3170500000e+05/(R*T))    
    31	Arrhenius      	CH2O* + H* <-> CH3O* + *                	[CH2O*][H*] <-> [CH3O*][*]              	3.0320000000e+13	* exp(-3.3192000000e+04/(R*T))    	1.4620000000e+13	* exp(-7.7576000000e+04/(R*T))    
    32	Arrhenius      	CH3O* + * <-> CH3* + O*                 	[CH3O*][*] <-> [CH3*][O*]               	1.4360000000e+13	* exp(-1.3160900000e+05/(R*T))    	3.3780000000e+13	* exp(-1.4656400000e+05/(R*T))    
    33	Arrhenius      	CH3O* + H* <-> CH3OH* + *               	[CH3O*][H*] <-> [CH3OH*][*]             	1.5180000000e+14	* exp(-1.3363500000e+05/(R*T))    	6.5460000000e+12	* exp(-9.1663000000e+04/(R*T))    
    34	Arrhenius      	CH3OH* + * <-> CH3* + OH*               	[CH3OH*][*] <-> [CH3*][OH*]             	4.4820000000e+12	* exp(-1.7329100000e+05/(R*T))    	6.6200000000e+13	* exp(-2.0165800000e+05/(R*T))    
    35	Arrhenius      	O* + H* <-> OH* + *                     	[O*][H*] <-> [OH*][*]                   	8.7830000000e+13	* exp(-1.1182900000e+05/(R*T))    	2.9400000000e+13	* exp(-1.0825900000e+05/(R*T))    
    36	Arrhenius      	OH* + H* <-> H2O* + *                   	[OH*][H*] <-> [H2O*][*]                 	1.2000000000e+14	* exp(-1.1153900000e+05/(R*T))    	2.8100000000e+12	* exp(-8.7417000000e+04/(R*T))    
    37	Arrhenius      	OH* + OH* <-> O* + H2O*                 	[OH*][OH*] <-> [O*][H2O*]               	4.5960000000e+12	* exp(-1.7464000000e+04/(R*T))    	2.4160000000e+12	* exp(-3.8595000000e+04/(R*T))    
    38	Arrhenius      	CH4 + 2 * <-> CH3* + H*                 	[CH4][*]^2 <-> [CH3*][H*]               	0.0000000000e+00	* exp(-1.0517100000e+05/(R*T))    	1.3380000000e+14	* exp(-7.6128000000e+04/(R*T))    
    39	Arrhenius      	CH3OH + * <-> CH3OH*                    	[CH3OH][*] <-> [CH3OH*]                 	0.0000000000e+00	* exp(-0.0000000000e+00/(R*T))    	4.3520000000e+15	* exp(-3.0201000000e+04/(R*T))    
    40	Arrhenius      	CH2O + * <-> CH2O*                      	[CH2O][*] <-> [CH2O*]                   	0.0000000000e+00	* exp(-0.0000000000e+00/(R*T))    	6.8630000000e+16	* exp(-4.9016000000e+04/(R*T))    

