############################################################################################
# Example: input for CO2 hydrogenation: CO2 + 4 H2 -> CH4 + 2 H2O
# Approximations: without lateral interactions, no difussions (one type of site),
# including tunnelling corrections, scaling some rates, only monodentates adsorbed species
# Data: from ACS Catal. 2020, 10, 8077−8089; T = 573.15 K, PCO2=0.2 bar, PH2=0.8 bar
# 7 gas species and 20 surface species
#
############################################################################################
&compounds
#############################################################################################
# Name; isSite; Concentration  (isSite:0 gas or 1 adsorbed species)
############################################################################################
CO2;  		0;  0.2
H2;  		0;  0.8
CH4;  		0;  0.0
H2O;  		0;  0.0
CO;  		0;  0.0
CH3OH;  	0;  0.0
CH2O;   	0;  0.0
C*; 		1; 	0.0
CH*; 		1; 	0.0
CH2*; 		1; 	0.0
CH2O*; 		1; 	0.0
CH2OH*; 	1; 	0.0
CH3*; 		1; 	0.0
CH3O*; 		1; 	0.0
CH3OH*; 	1; 	0.0
CH4*; 		1; 	0.0
CO*; 		1; 	0.0
CO2*; 		1; 	0.0
COH*; 		1; 	0.0
H*; 		1; 	0.0
H2O*; 		1; 	0.0
HCO*; 		1; 	0.0
HCOH*; 		1; 	0.0
HCOO*; 		1; 	0.0
OH*; 		1; 	0.0
O*; 		1; 	0.0
COOH*; 	    1; 	0.0  # t-COOH*
*;  		1;  1.0  # Empty surface
############################################################################################
&reactions
############################################################################################
# (HK:Hertz-Knudsen, AR: Arrhenius)
#
#        elementary step             	    Af(s-1)	     Ab(s-1)    Eaf(J/mol) Eab(J/mol) DRC
#
############################################################################################
AR; {CO2} + {*} => {CO2*};  	 	 8.972e3;	 1.316e10;     	     0.0;    13798;   1
#AR; {CO} + {*} => {CO*};	 	     0.0;        9.328e15;	     0.0;   150134;   1
AR; {H2} + 2{*} => 2{H*};	 	 3.700e3;         2.649e9;	   25280;    57313;   1
AR; {CO2*} + {*} => {CO*} + {O*}; 	 1.918e11;	 2.329e13;	   82497;   137205;   1
AR; {CO2*} + {H*} => {HCOO*} + {*}; 	 7.004e11;	 4.427e13;	  101698;    97549;   1
AR; {CO2*} + {H*} => {COOH*} + {*};	 5.405e11;	 2.357e13;	  128424;    77190;   1
AR; {CO2*} + {OH*} => {COOH*} + {O*};	 4.832e10;	 6.902e12;	   53647;    18526;   1
AR; {CO2*} + {H2O*} => {COOH*} + {OH*};  1.605e10;	 3.857e12;	   34060;     2509;   1
AR; {CO2*} + {OH*} => {HCOO*} +  {O*};	 4.647e11;	 8.954e13; 	  171844;   172326;   1
AR; {CO2*} + {H2O*} => {HCOO*} + {OH*};  1.121e12;	 5.982e13;	  170107;   188343;   1
AR; {COOH*} + {*} => {CO*} + {OH*};	 2.335e13;	 4.314e13;	   47761;   145792;   1
AR; {COOH*} + {*} => {COH*} + {O*};	 3.550e12;	 1.778e13;	  123697;   116844;   1
AR; {HCOO*} + {*} => {O*} + {HCO*};  	 3.698e12;	 7.310e12;	  134214;    74874;   1
AR; {CO*} + {*} => {C*} + {O*};		 1.796e12;	 1.466e13;	  287918;   110671;   1
AR; {HCO*} + {*} => {CO*} + {H*};	 2.905e13;	 2.631e13;	   20455;   136915;   1
AR; {HCO*} + {*} => {CH*} + {O*};	 3.130e12;	 1.476e13;	  105943;   113083;   1
AR; {COH*} + {*} => {CO*} + {H*};	 9.073e12;	 3.024e13;	  116557;   219798;   1
AR; {COH*} + {*} =>{C*} + {OH*}; 	 2.585e12;	 2.161e13;	  174642;   110188;   1
AR; {C*} + {H*} => {CH*} + {*};		 2.444e13;	 1.806e13;	   61655;   122153;   1
AR; {CH*} + {H*} => {CH2*} + {*}; 	 4.396e13;	 1.689e13;	   61462;    32613;   1
AR; {CH2*} + {H*} => {CH3*} + {*}; 	 3.162e13;	 1.561e13;	   55094;    65418;   1
AR; {HCO*} + {H*} => {CH2O*} + {*};	 1.338e13;	 1.413e13;	   68216;    43033;   1
AR; {HCO*} + {H*} => {HCOH*} + {*}; 	 2.135e13;	 8.790e12;	   89444;    42251;   1
AR; {COH*} + {H*} => {HCOH*} + {*};	 7.125e12;	 4.772e12;	   78830;    13894;   1
AR; {HCOH*} + {*} => {CH*} + {OH*}; 	 4.734e12;	 2.381e13;	   69085;   115013;   1
AR; {HCOH*} + {H*} => {CH2OH*} + {*}; 	 1.337e13;	 9.509e12;	   60401;    39656;   1
AR; {CH2OH*} + {*} => {CH2*} + {OH*}; 	 2.270e13;	 3.614e13;	   68892;    97645;   1
AR; {CH2OH*} + {H*} => {CH3OH*} + {*}; 	 2.046e13;	 1.033e12;	   58761;    99671;   1
AR; {CH2O*} + {H*} => {CH2OH*} + {*}; 	 4.260e13;	 1.413e13;	   83172;    52875;   1
AR; {CH2O*} + {*} => {CH2*} + {O*}; 	 1.459e13;	 1.728e13;	   92917;   131705;   1
AR; {CH2O*} + {H*} => {CH3O*} + {*}; 	 2.649e13;	 1.255e13;	   33192;    77576;   1
AR; {CH3O*} + {*} =>  {CH3*} + {O*}; 	 1.204e13;	 3.082e13;	  131609;   146564;   1
AR; {CH3O*} + {H*} => {CH3OH*} + {*}; 	 1.300e14;	 6.052e12;	  133635;    91663;   1
AR; {CH3OH*} + {*} => {CH3*} + {OH*}; 	 3.825e12;	 6.145e13;	  173291;   201658;   1
AR; {O*} + {H*} => {OH*} + {*}; 	 7.866e13;	 2.865e13;	  111829;   108259;   1
AR; {OH*} + {H*} => {H2O*} + {*}; 	 1.030e14;	 2.728e12;	  111539;    87417;   1
AR; {OH*} + {OH*} => {O*} + {H2O*}; 	 5.275e12;	 2.608e12;	   17464;    38595;   1
#AR; {H2O} + {*} => {H2O*}; 		  1.402e8;	 3.356e14;	     0.0;    18815;   1
AR; {H2O} + {*} => {H2O*}; 		      0.0;	 3.356e14;	     0.0;    18815;   1
#AR; {CH4} + 2{*} => {CH3*} + {H*}; 	  2.815e6;	 1.129e14;	  105169;    76127;   1
AR; {CH4} + 2{*} => {CH3*} + {H*}; 	      0.0;	 1.129e14;	  105171;    76128;   1
#AR; {CH3OH} + {*} => {CH3OH*};  	  1.051e8;	 5.629e15;	     0.0;    30200;   1
AR; {CH3OH} + {*} => {CH3OH*};  	      0.0;	 5.629e15;	     0.0;    30201;   1
#AR; {CH2O} + {*}  => {CH2O*}; 	 	  1.086e8;	 7.892e16;	     0.0;    49015;   1
AR; {CH2O} + {*}  => {CH2O*}; 	 	      0.0;	 7.892e16;	     0.0;    49016;   1
############################################################################################
&settings
TYPE = SEQUENCERUN
# Specify overall pressure (bar)
PRESSURE = 1.0

#Debug statements from 0 (no debugging) to 4 (various leves of debug statements)
DEBUG = 1

# Specify REAGENTS here for reaction orders
# REAGENTS = {CO2},{H2}

# Calculate reaction orders (0 or 1)
# ORDERS = 1
 
# Specify key components for Eapp and DRC
  KEYCOMPONENTS = {CO}

# Calculate apparent activation energy (0 or 1)
 EACT = 1

# Perform degree of control analysis (0 or 1)
DRC = 1
#################################################################

&networkplot
ROOT_NODE = {CO2}
EXCLUDE_LIMIT = 1e-4

&selectivity
species_balance ; {CO2};{CH3OH} ,{CO},{CH2O},{CH4}#
#################################################################
&runs
#
# Temp (K);	Time (s); AbsTol (1e-8);	RelTol (1e-12)
   573.15;	    5e6;	  1e-30;		1e-12
#################################################################
